<?xml version="1.0" encoding="UTF-8"?>
<!-- Generated by org.testng.reporters.JUnitXMLReporter -->
<testsuite ignored="12" hostname="HQRITD05N" failures="4" tests="4" name="TestCase1" time="6.454" errors="0" timestamp="2024-02-23T15:42:29 GST">
  <testcase classname="org.epg.Tests.EPFleet_tc_1_Login" name="LoginForm" time="0.008">
    <failure type="java.lang.NullPointerException" message="Cannot invoke &amp;quot;org.epg.pageObjects.android.PermissionPage.allowButton()&amp;quot; because &amp;quot;this.permissionPage&amp;quot; is null">
      <![CDATA[java.lang.NullPointerException: Cannot invoke "org.epg.pageObjects.android.PermissionPage.allowButton()" because "this.permissionPage" is null
at org.epg.Tests.EPFleet_tc_1_Login.LoginForm(EPFleet_tc_1_Login.java:47)
at java.base/java.util.ArrayList.forEach(ArrayList.java:1596)
... Removed 25 stack frames]]>
    </failure>
  </testcase> <!-- LoginForm -->
  <testcase classname="org.epg.Tests.EPFleet_tc_2_Menu" name="HomePage" time="0.001">
    <failure type="java.lang.NullPointerException" message="Cannot invoke &amp;quot;org.epg.pageObjects.android.HomePage.menuButton()&amp;quot; because &amp;quot;this.homePage&amp;quot; is null">
      <![CDATA[java.lang.NullPointerException: Cannot invoke "org.epg.pageObjects.android.HomePage.menuButton()" because "this.homePage" is null
at org.epg.Tests.EPFleet_tc_2_Menu.HomePage(EPFleet_tc_2_Menu.java:14)
at java.base/java.util.ArrayList.forEach(ArrayList.java:1596)
... Removed 25 stack frames]]>
    </failure>
  </testcase> <!-- HomePage -->
  <testcase classname="org.epg.Tests.EPFleet_tc_3_Notifications" name="NotificationsScreen" time="0.001">
    <failure type="java.lang.NullPointerException" message="Cannot invoke &amp;quot;org.epg.pageObjects.android.HomePage.notificationButton()&amp;quot; because &amp;quot;this.homePage&amp;quot; is null">
      <![CDATA[java.lang.NullPointerException: Cannot invoke "org.epg.pageObjects.android.HomePage.notificationButton()" because "this.homePage" is null
at org.epg.Tests.EPFleet_tc_3_Notifications.NotificationsScreen(EPFleet_tc_3_Notifications.java:10)
at java.base/java.util.ArrayList.forEach(ArrayList.java:1596)
... Removed 25 stack frames]]>
    </failure>
  </testcase> <!-- NotificationsScreen -->
  <testcase classname="org.epg.Tests.EPFleet_tc_4_Scan" name="NotificationsScreen" time="0.002">
    <failure type="java.lang.NullPointerException" message="Cannot invoke &amp;quot;org.epg.pageObjects.android.HomePage.scanButton()&amp;quot; because &amp;quot;this.homePage&amp;quot; is null">
      <![CDATA[java.lang.NullPointerException: Cannot invoke "org.epg.pageObjects.android.HomePage.scanButton()" because "this.homePage" is null
at org.epg.Tests.EPFleet_tc_4_Scan.NotificationsScreen(EPFleet_tc_4_Scan.java:15)
at java.base/java.util.ArrayList.forEach(ArrayList.java:1596)
... Removed 25 stack frames]]>
    </failure>
  </testcase> <!-- NotificationsScreen -->
  <testcase classname="org.epg.TestUtils.AndroidBaseTest" name="@BeforeTest ConfigureAppium" time="0.0">
    <ignored/>
  </testcase> <!-- @BeforeTest ConfigureAppium -->
  <testcase classname="org.epg.TestUtils.AndroidBaseTest" name="@BeforeTest ConfigureAppium" time="0.0">
    <ignored/>
  </testcase> <!-- @BeforeTest ConfigureAppium -->
  <testcase classname="org.epg.TestUtils.AndroidBaseTest" name="@BeforeTest ConfigureAppium" time="0.0">
    <ignored/>
  </testcase> <!-- @BeforeTest ConfigureAppium -->
  <testcase classname="org.epg.TestUtils.AndroidBaseTest" name="@BeforeTest ConfigureAppium" time="0.0">
    <ignored/>
  </testcase> <!-- @BeforeTest ConfigureAppium -->
  <testcase classname="org.epg.TestUtils.AndroidBaseTest" name="@BeforeSuite beforeExecution" time="0.0">
    <ignored/>
  </testcase> <!-- @BeforeSuite beforeExecution -->
  <testcase classname="org.epg.TestUtils.AndroidBaseTest" name="@BeforeSuite beforeExecution" time="0.0">
    <ignored/>
  </testcase> <!-- @BeforeSuite beforeExecution -->
  <testcase classname="org.epg.TestUtils.AndroidBaseTest" name="@BeforeSuite beforeExecution" time="0.0">
    <ignored/>
  </testcase> <!-- @BeforeSuite beforeExecution -->
  <testcase classname="org.epg.TestUtils.AndroidBaseTest" name="@BeforeSuite beforeExecution" time="0.0">
    <ignored/>
  </testcase> <!-- @BeforeSuite beforeExecution -->
  <testcase classname="org.epg.TestUtils.AndroidBaseTest" name="@AfterSuite afterSuite" time="0.0">
    <ignored/>
  </testcase> <!-- @AfterSuite afterSuite -->
  <testcase classname="org.epg.TestUtils.AndroidBaseTest" name="@AfterSuite afterSuite" time="0.0">
    <ignored/>
  </testcase> <!-- @AfterSuite afterSuite -->
  <testcase classname="org.epg.TestUtils.AndroidBaseTest" name="@AfterSuite afterSuite" time="0.0">
    <ignored/>
  </testcase> <!-- @AfterSuite afterSuite -->
  <testcase classname="org.epg.TestUtils.AndroidBaseTest" name="@AfterSuite afterSuite" time="0.0">
    <ignored/>
  </testcase> <!-- @AfterSuite afterSuite -->
</testsuite> <!-- TestCase1 -->
